  Source.cpp
c:\users\eryn0_000.dell8500.000\desktop\cool programs\serenity (made by qoazi, malenz, and icyjake)\console\serenity\Retcheck.h(513): warning C4311: 'type cast': pointer truncation from 'BYTE *' to 'DWORD'
c:\users\eryn0_000.dell8500.000\desktop\cool programs\serenity (made by qoazi, malenz, and icyjake)\console\serenity\Retcheck.h(513): warning C4302: 'type cast': truncation from 'BYTE *' to 'DWORD'
c:\users\eryn0_000.dell8500.000\desktop\cool programs\serenity (made by qoazi, malenz, and icyjake)\console\serenity\Retcheck.h(518): warning C4244: 'initializing': conversion from '__int64' to 'DWORD', possible loss of data
c:\users\eryn0_000.dell8500.000\desktop\cool programs\serenity (made by qoazi, malenz, and icyjake)\console\serenity\Retcheck.h(520): warning C4311: 'type cast': pointer truncation from 'BYTE *' to 'DWORD'
c:\users\eryn0_000.dell8500.000\desktop\cool programs\serenity (made by qoazi, malenz, and icyjake)\console\serenity\Retcheck.h(520): warning C4302: 'type cast': truncation from 'BYTE *' to 'DWORD'
c:\users\eryn0_000.dell8500.000\desktop\cool programs\serenity (made by qoazi, malenz, and icyjake)\console\serenity\Retcheck.h(524): warning C4311: 'type cast': pointer truncation from 'BYTE *' to 'DWORD'
c:\users\eryn0_000.dell8500.000\desktop\cool programs\serenity (made by qoazi, malenz, and icyjake)\console\serenity\Retcheck.h(524): warning C4302: 'type cast': truncation from 'BYTE *' to 'DWORD'
c:\users\eryn0_000.dell8500.000\desktop\cool programs\serenity (made by qoazi, malenz, and icyjake)\console\serenity\Retcheck.h(527): warning C4311: 'type cast': pointer truncation from 'void *' to 'DWORD'
c:\users\eryn0_000.dell8500.000\desktop\cool programs\serenity (made by qoazi, malenz, and icyjake)\console\serenity\Retcheck.h(527): warning C4302: 'type cast': truncation from 'void *' to 'DWORD'
c:\users\eryn0_000.dell8500.000\desktop\cool programs\serenity (made by qoazi, malenz, and icyjake)\console\serenity\Retcheck.h(530): warning C4311: 'type cast': pointer truncation from 'BYTE *' to 'DWORD'
c:\users\eryn0_000.dell8500.000\desktop\cool programs\serenity (made by qoazi, malenz, and icyjake)\console\serenity\Retcheck.h(530): warning C4302: 'type cast': truncation from 'BYTE *' to 'DWORD'
c:\users\eryn0_000.dell8500.000\desktop\cool programs\serenity (made by qoazi, malenz, and icyjake)\console\serenity\Retcheck.h(530): warning C4311: 'type cast': pointer truncation from 'void *' to 'DWORD'
c:\users\eryn0_000.dell8500.000\desktop\cool programs\serenity (made by qoazi, malenz, and icyjake)\console\serenity\Retcheck.h(530): warning C4302: 'type cast': truncation from 'void *' to 'DWORD'
c:\users\eryn0_000.dell8500.000\desktop\cool programs\serenity (made by qoazi, malenz, and icyjake)\console\serenity\Retcheck.h(531): warning C4311: 'type cast': pointer truncation from 'void *' to 'DWORD'
c:\users\eryn0_000.dell8500.000\desktop\cool programs\serenity (made by qoazi, malenz, and icyjake)\console\serenity\Retcheck.h(531): warning C4302: 'type cast': truncation from 'void *' to 'DWORD'
c:\users\eryn0_000.dell8500.000\desktop\cool programs\serenity (made by qoazi, malenz, and icyjake)\console\serenity\Retcheck.h(531): warning C4311: 'type cast': pointer truncation from 'BYTE *' to 'DWORD'
c:\users\eryn0_000.dell8500.000\desktop\cool programs\serenity (made by qoazi, malenz, and icyjake)\console\serenity\Retcheck.h(531): warning C4302: 'type cast': truncation from 'BYTE *' to 'DWORD'
c:\users\eryn0_000.dell8500.000\desktop\cool programs\serenity (made by qoazi, malenz, and icyjake)\console\serenity\Retcheck.h(532): warning C4311: 'type cast': pointer truncation from 'void *' to 'DWORD'
c:\users\eryn0_000.dell8500.000\desktop\cool programs\serenity (made by qoazi, malenz, and icyjake)\console\serenity\Retcheck.h(532): warning C4302: 'type cast': truncation from 'void *' to 'DWORD'
c:\users\eryn0_000.dell8500.000\desktop\cool programs\serenity (made by qoazi, malenz, and icyjake)\console\serenity\Retcheck.h(537): warning C4311: 'type cast': pointer truncation from 'BYTE *' to 'DWORD'
c:\users\eryn0_000.dell8500.000\desktop\cool programs\serenity (made by qoazi, malenz, and icyjake)\console\serenity\Retcheck.h(537): warning C4302: 'type cast': truncation from 'BYTE *' to 'DWORD'
c:\users\eryn0_000.dell8500.000\desktop\cool programs\serenity (made by qoazi, malenz, and icyjake)\console\serenity\Retcheck.h(565): warning C4312: 'type cast': conversion from 'DWORD' to 'void *' of greater size
c:\users\eryn0_000.dell8500.000\desktop\cool programs\serenity (made by qoazi, malenz, and icyjake)\console\serenity\Retcheck.h(571): warning C4312: 'type cast': conversion from 'DWORD' to 'void *' of greater size
c:\users\eryn0_000.dell8500.000\desktop\cool programs\serenity (made by qoazi, malenz, and icyjake)\console\serenity\Retcheck.h(586): warning C4312: 'type cast': conversion from 'DWORD' to 'void *' of greater size
c:\users\eryn0_000.dell8500.000\desktop\cool programs\serenity (made by qoazi, malenz, and icyjake)\console\serenity\Retcheck.h(594): warning C4312: 'type cast': conversion from 'DWORD' to 'BYTE *' of greater size
c:\users\eryn0_000.dell8500.000\desktop\cool programs\serenity (made by qoazi, malenz, and icyjake)\console\serenity\Retcheck.h(596): warning C4312: 'type cast': conversion from 'DWORD' to 'DWORD *' of greater size
c:\users\eryn0_000.dell8500.000\desktop\cool programs\serenity (made by qoazi, malenz, and icyjake)\console\serenity\Addresses.h(13): warning C4311: 'type cast': pointer truncation from 'int *' to 'int'
c:\users\eryn0_000.dell8500.000\desktop\cool programs\serenity (made by qoazi, malenz, and icyjake)\console\serenity\Addresses.h(13): warning C4302: 'type cast': truncation from 'int *' to 'int'
c:\users\eryn0_000.dell8500.000\desktop\cool programs\serenity (made by qoazi, malenz, and icyjake)\console\serenity\Addresses.h(31): warning C4312: 'type cast': conversion from 'DWORD' to 'BYTE *' of greater size
c:\users\eryn0_000.dell8500.000\desktop\cool programs\serenity (made by qoazi, malenz, and icyjake)\console\serenity\Addresses.h(44): warning C4312: 'type cast': conversion from 'DWORD' to 'void *' of greater size
c:\users\eryn0_000.dell8500.000\desktop\cool programs\serenity (made by qoazi, malenz, and icyjake)\console\serenity\Addresses.h(44): warning C4244: 'initializing': conversion from 'SIZE_T' to 'DWORD', possible loss of data
c:\users\eryn0_000.dell8500.000\desktop\cool programs\serenity (made by qoazi, malenz, and icyjake)\console\serenity\Addresses.h(52): warning C4311: 'type cast': pointer truncation from 'byte *' to 'int'
c:\users\eryn0_000.dell8500.000\desktop\cool programs\serenity (made by qoazi, malenz, and icyjake)\console\serenity\Addresses.h(52): warning C4302: 'type cast': truncation from 'byte *' to 'int'
c:\users\eryn0_000.dell8500.000\desktop\cool programs\serenity (made by qoazi, malenz, and icyjake)\console\serenity\Addresses.h(115): warning C4312: 'type cast': conversion from 'DWORD' to 'LPVOID' of greater size
c:\users\eryn0_000.dell8500.000\desktop\cool programs\serenity (made by qoazi, malenz, and icyjake)\console\serenity\Addresses.h(116): warning C4312: 'type cast': conversion from 'DWORD' to 'char *' of greater size
c:\users\eryn0_000.dell8500.000\desktop\cool programs\serenity (made by qoazi, malenz, and icyjake)\console\serenity\Addresses.h(117): warning C4312: 'type cast': conversion from 'DWORD' to 'LPVOID' of greater size
c:\users\eryn0_000.dell8500.000\desktop\cool programs\serenity (made by qoazi, malenz, and icyjake)\console\serenity\Addresses.h(136): warning C4312: 'reinterpret_cast': conversion from 'int' to 'byte *' of greater size
c:\users\eryn0_000.dell8500.000\desktop\cool programs\serenity (made by qoazi, malenz, and icyjake)\console\serenity\Addresses.h(136): warning C4312: 'type cast': conversion from 'DWORD' to 'rnewthread' of greater size
c:\users\eryn0_000.dell8500.000\desktop\cool programs\serenity (made by qoazi, malenz, and icyjake)\console\serenity\Addresses.h(139): warning C4312: 'reinterpret_cast': conversion from 'int' to 'byte *' of greater size
c:\users\eryn0_000.dell8500.000\desktop\cool programs\serenity (made by qoazi, malenz, and icyjake)\console\serenity\Addresses.h(139): warning C4312: 'type cast': conversion from 'DWORD' to 'rgetfield' of greater size
c:\users\eryn0_000.dell8500.000\desktop\cool programs\serenity (made by qoazi, malenz, and icyjake)\console\serenity\Addresses.h(142): warning C4312: 'type cast': conversion from 'int' to 'getglobalstateindex' of greater size
c:\users\eryn0_000.dell8500.000\desktop\cool programs\serenity (made by qoazi, malenz, and icyjake)\console\serenity\Addresses.h(145): warning C4312: 'reinterpret_cast': conversion from 'int' to 'byte *' of greater size
c:\users\eryn0_000.dell8500.000\desktop\cool programs\serenity (made by qoazi, malenz, and icyjake)\console\serenity\Addresses.h(145): warning C4312: 'type cast': conversion from 'DWORD' to 'rpcall' of greater size
c:\users\eryn0_000.dell8500.000\desktop\cool programs\serenity (made by qoazi, malenz, and icyjake)\console\serenity\Addresses.h(148): warning C4312: 'reinterpret_cast': conversion from 'int' to 'byte *' of greater size
c:\users\eryn0_000.dell8500.000\desktop\cool programs\serenity (made by qoazi, malenz, and icyjake)\console\serenity\Addresses.h(148): warning C4312: 'type cast': conversion from 'DWORD' to 'rpushnumber' of greater size
c:\users\eryn0_000.dell8500.000\desktop\cool programs\serenity (made by qoazi, malenz, and icyjake)\console\serenity\Addresses.h(151): warning C4312: 'reinterpret_cast': conversion from 'int' to 'byte *' of greater size
c:\users\eryn0_000.dell8500.000\desktop\cool programs\serenity (made by qoazi, malenz, and icyjake)\console\serenity\Addresses.h(151): warning C4312: 'type cast': conversion from 'DWORD' to 'rpushvalue' of greater size
c:\users\eryn0_000.dell8500.000\desktop\cool programs\serenity (made by qoazi, malenz, and icyjake)\console\serenity\Addresses.h(154): warning C4312: 'reinterpret_cast': conversion from 'int' to 'byte *' of greater size
c:\users\eryn0_000.dell8500.000\desktop\cool programs\serenity (made by qoazi, malenz, and icyjake)\console\serenity\Addresses.h(154): warning C4312: 'type cast': conversion from 'DWORD' to 'rsetmetatable' of greater size
c:\users\eryn0_000.dell8500.000\desktop\cool programs\serenity (made by qoazi, malenz, and icyjake)\console\serenity\Addresses.h(161): warning C4312: 'reinterpret_cast': conversion from 'int' to 'byte *' of greater size
c:\users\eryn0_000.dell8500.000\desktop\cool programs\serenity (made by qoazi, malenz, and icyjake)\console\serenity\Addresses.h(161): warning C4312: 'type cast': conversion from 'DWORD' to 'rnewuserdata' of greater size
c:\users\eryn0_000.dell8500.000\desktop\cool programs\serenity (made by qoazi, malenz, and icyjake)\console\serenity\Addresses.h(164): warning C4312: 'reinterpret_cast': conversion from 'int' to 'byte *' of greater size
c:\users\eryn0_000.dell8500.000\desktop\cool programs\serenity (made by qoazi, malenz, and icyjake)\console\serenity\Addresses.h(164): warning C4312: 'type cast': conversion from 'DWORD' to 'rtolstring' of greater size
c:\users\eryn0_000.dell8500.000\desktop\cool programs\serenity (made by qoazi, malenz, and icyjake)\console\serenity\Addresses.h(167): warning C4312: 'reinterpret_cast': conversion from 'int' to 'byte *' of greater size
c:\users\eryn0_000.dell8500.000\desktop\cool programs\serenity (made by qoazi, malenz, and icyjake)\console\serenity\Addresses.h(167): warning C4312: 'type cast': conversion from 'DWORD' to 'rsetfield' of greater size
c:\users\eryn0_000.dell8500.000\desktop\cool programs\serenity (made by qoazi, malenz, and icyjake)\console\serenity\Addresses.h(170): warning C4312: 'reinterpret_cast': conversion from 'int' to 'byte *' of greater size
c:\users\eryn0_000.dell8500.000\desktop\cool programs\serenity (made by qoazi, malenz, and icyjake)\console\serenity\Addresses.h(170): warning C4312: 'type cast': conversion from 'DWORD' to 'rpushcclosure' of greater size
c:\users\eryn0_000.dell8500.000\desktop\cool programs\serenity (made by qoazi, malenz, and icyjake)\console\serenity\Addresses.h(175): warning C4312: 'type cast': conversion from 'int' to 'DWORD *' of greater size
c:\users\eryn0_000.dell8500.000\desktop\cool programs\serenity (made by qoazi, malenz, and icyjake)\console\serenity\Addresses.h(176): warning C4312: 'type cast': conversion from 'int' to 'DWORD *' of greater size
c:\users\eryn0_000.dell8500.000\desktop\cool programs\serenity (made by qoazi, malenz, and icyjake)\console\serenity\Addresses.h(177): warning C4312: 'type cast': conversion from 'int' to 'DWORD *' of greater size
c:\users\eryn0_000.dell8500.000\desktop\cool programs\serenity (made by qoazi, malenz, and icyjake)\console\serenity\Addresses.h(178): warning C4312: 'type cast': conversion from 'int' to 'DWORD *' of greater size
c:\users\eryn0_000.dell8500.000\desktop\cool programs\serenity (made by qoazi, malenz, and icyjake)\console\serenity\Addresses.h(182): warning C4312: 'type cast': conversion from 'int' to 'DWORD *' of greater size
c:\users\eryn0_000.dell8500.000\desktop\cool programs\serenity (made by qoazi, malenz, and icyjake)\console\serenity\Addresses.h(183): warning C4312: 'type cast': conversion from 'int' to 'DWORD *' of greater size
c:\users\eryn0_000.dell8500.000\desktop\cool programs\serenity (made by qoazi, malenz, and icyjake)\console\serenity\Addresses.h(184): warning C4312: 'type cast': conversion from 'int' to 'DWORD *' of greater size
c:\users\eryn0_000.dell8500.000\desktop\cool programs\serenity (made by qoazi, malenz, and icyjake)\console\serenity\Addresses.h(191): warning C4312: 'reinterpret_cast': conversion from 'int' to 'byte *' of greater size
c:\users\eryn0_000.dell8500.000\desktop\cool programs\serenity (made by qoazi, malenz, and icyjake)\console\serenity\Addresses.h(191): warning C4312: 'type cast': conversion from 'DWORD' to 'rpushstring' of greater size
c:\users\eryn0_000.dell8500.000\desktop\cool programs\serenity (made by qoazi, malenz, and icyjake)\console\serenity\Addresses.h(194): warning C4312: 'reinterpret_cast': conversion from 'int' to 'byte *' of greater size
c:\users\eryn0_000.dell8500.000\desktop\cool programs\serenity (made by qoazi, malenz, and icyjake)\console\serenity\Addresses.h(194): warning C4312: 'type cast': conversion from 'DWORD' to 'rtype' of greater size
c:\users\eryn0_000.dell8500.000\desktop\cool programs\serenity (made by qoazi, malenz, and icyjake)\console\serenity\Addresses.h(197): warning C4312: 'reinterpret_cast': conversion from 'int' to 'byte *' of greater size
c:\users\eryn0_000.dell8500.000\desktop\cool programs\serenity (made by qoazi, malenz, and icyjake)\console\serenity\Addresses.h(197): warning C4312: 'type cast': conversion from 'DWORD' to 'rtoboolean' of greater size
c:\users\eryn0_000.dell8500.000\desktop\cool programs\serenity (made by qoazi, malenz, and icyjake)\console\serenity\Addresses.h(200): warning C4312: 'reinterpret_cast': conversion from 'int' to 'byte *' of greater size
c:\users\eryn0_000.dell8500.000\desktop\cool programs\serenity (made by qoazi, malenz, and icyjake)\console\serenity\Addresses.h(200): warning C4312: 'type cast': conversion from 'DWORD' to 'rtouserdata' of greater size
c:\users\eryn0_000.dell8500.000\desktop\cool programs\serenity (made by qoazi, malenz, and icyjake)\console\serenity\Addresses.h(203): warning C4312: 'reinterpret_cast': conversion from 'int' to 'byte *' of greater size
c:\users\eryn0_000.dell8500.000\desktop\cool programs\serenity (made by qoazi, malenz, and icyjake)\console\serenity\Addresses.h(203): warning C4312: 'type cast': conversion from 'DWORD' to 'rtonumber' of greater size
c:\users\eryn0_000.dell8500.000\desktop\cool programs\serenity (made by qoazi, malenz, and icyjake)\console\serenity\Addresses.h(206): warning C4312: 'type cast': conversion from 'int' to 'int (__cdecl *)(int,int,const char *)' of greater size
c:\users\eryn0_000.dell8500.000\desktop\cool programs\serenity (made by qoazi, malenz, and icyjake)\console\serenity\Addresses.h(220): warning C4312: 'type cast': conversion from 'int' to 'DWORD *' of greater size
c:\users\eryn0_000.dell8500.000\desktop\cool programs\serenity (made by qoazi, malenz, and icyjake)\console\serenity\Addresses.h(230): warning C4312: 'type cast': conversion from 'int' to 'DWORD *' of greater size
Source.cpp(11): warning C4311: 'type cast': pointer truncation from 'FARPROC' to 'int'
Source.cpp(11): warning C4302: 'type cast': truncation from 'FARPROC' to 'int'
detours.obj : fatal error LNK1112: module machine type 'X86' conflicts with target machine type 'x64'
