  Source.cpp
c:\users\eryn0_000.dell8500.000\desktop\cool programs\serenity (made by qoazi, malenz, and icyjake)\console\serenity\source.cpp(25): error C3861: 'Format': identifier not found
c:\users\eryn0_000.dell8500.000\desktop\cool programs\serenity (made by qoazi, malenz, and icyjake)\console\serenity\source.cpp(33): error C3861: 'Format': identifier not found
c:\users\eryn0_000.dell8500.000\desktop\cool programs\serenity (made by qoazi, malenz, and icyjake)\console\serenity\source.cpp(34): error C2653: 'memory': is not a class or namespace name
c:\users\eryn0_000.dell8500.000\desktop\cool programs\serenity (made by qoazi, malenz, and icyjake)\console\serenity\source.cpp(34): error C3861: 'Scan': identifier not found
c:\users\eryn0_000.dell8500.000\desktop\cool programs\serenity (made by qoazi, malenz, and icyjake)\console\serenity\source.cpp(38): error C3861: 'getglobal': identifier not found
c:\users\eryn0_000.dell8500.000\desktop\cool programs\serenity (made by qoazi, malenz, and icyjake)\console\serenity\source.cpp(39): error C3861: 'getglobal': identifier not found
c:\users\eryn0_000.dell8500.000\desktop\cool programs\serenity (made by qoazi, malenz, and icyjake)\console\serenity\source.cpp(40): error C3861: 'getfield': identifier not found
c:\users\eryn0_000.dell8500.000\desktop\cool programs\serenity (made by qoazi, malenz, and icyjake)\console\serenity\source.cpp(41): error C3861: 'pushstring': identifier not found
c:\users\eryn0_000.dell8500.000\desktop\cool programs\serenity (made by qoazi, malenz, and icyjake)\console\serenity\source.cpp(42): error C3861: 'pushvalue': identifier not found
c:\users\eryn0_000.dell8500.000\desktop\cool programs\serenity (made by qoazi, malenz, and icyjake)\console\serenity\source.cpp(43): error C3861: 'pcall': identifier not found
c:\users\eryn0_000.dell8500.000\desktop\cool programs\serenity (made by qoazi, malenz, and icyjake)\console\serenity\source.cpp(44): error C3861: 'pushstring': identifier not found
c:\users\eryn0_000.dell8500.000\desktop\cool programs\serenity (made by qoazi, malenz, and icyjake)\console\serenity\source.cpp(45): error C3861: 'setfield': identifier not found
c:\users\eryn0_000.dell8500.000\desktop\cool programs\serenity (made by qoazi, malenz, and icyjake)\console\serenity\source.cpp(46): error C3861: 'pushstring': identifier not found
c:\users\eryn0_000.dell8500.000\desktop\cool programs\serenity (made by qoazi, malenz, and icyjake)\console\serenity\source.cpp(47): error C3861: 'setfield': identifier not found
c:\users\eryn0_000.dell8500.000\desktop\cool programs\serenity (made by qoazi, malenz, and icyjake)\console\serenity\source.cpp(48): error C3861: 'pushnumber': identifier not found
c:\users\eryn0_000.dell8500.000\desktop\cool programs\serenity (made by qoazi, malenz, and icyjake)\console\serenity\source.cpp(49): error C3861: 'setfield': identifier not found
c:\users\eryn0_000.dell8500.000\desktop\cool programs\serenity (made by qoazi, malenz, and icyjake)\console\serenity\source.cpp(50): error C3861: 'getfield': identifier not found
c:\users\eryn0_000.dell8500.000\desktop\cool programs\serenity (made by qoazi, malenz, and icyjake)\console\serenity\source.cpp(51): error C3861: 'pushvalue': identifier not found
c:\users\eryn0_000.dell8500.000\desktop\cool programs\serenity (made by qoazi, malenz, and icyjake)\console\serenity\source.cpp(52): error C3861: 'pcall': identifier not found
c:\users\eryn0_000.dell8500.000\desktop\cool programs\serenity (made by qoazi, malenz, and icyjake)\console\serenity\source.cpp(69): error C3861: 'Format': identifier not found
c:\users\eryn0_000.dell8500.000\desktop\cool programs\serenity (made by qoazi, malenz, and icyjake)\console\serenity\source.cpp(71): error C2653: 'memory': is not a class or namespace name
c:\users\eryn0_000.dell8500.000\desktop\cool programs\serenity (made by qoazi, malenz, and icyjake)\console\serenity\source.cpp(71): error C3861: 'Scan': identifier not found
c:\users\eryn0_000.dell8500.000\desktop\cool programs\serenity (made by qoazi, malenz, and icyjake)\console\serenity\source.cpp(182): error C3861: 'getglobal': identifier not found
c:\users\eryn0_000.dell8500.000\desktop\cool programs\serenity (made by qoazi, malenz, and icyjake)\console\serenity\source.cpp(183): error C3861: 'getfield': identifier not found
c:\users\eryn0_000.dell8500.000\desktop\cool programs\serenity (made by qoazi, malenz, and icyjake)\console\serenity\source.cpp(184): error C3861: 'getglobal': identifier not found
c:\users\eryn0_000.dell8500.000\desktop\cool programs\serenity (made by qoazi, malenz, and icyjake)\console\serenity\source.cpp(185): error C3861: 'pushvalue': identifier not found
c:\users\eryn0_000.dell8500.000\desktop\cool programs\serenity (made by qoazi, malenz, and icyjake)\console\serenity\source.cpp(186): error C3861: 'pcall': identifier not found
c:\users\eryn0_000.dell8500.000\desktop\cool programs\serenity (made by qoazi, malenz, and icyjake)\console\serenity\source.cpp(194): error C3861: 'getglobal': identifier not found
c:\users\eryn0_000.dell8500.000\desktop\cool programs\serenity (made by qoazi, malenz, and icyjake)\console\serenity\source.cpp(195): error C3861: 'pushstring': identifier not found
c:\users\eryn0_000.dell8500.000\desktop\cool programs\serenity (made by qoazi, malenz, and icyjake)\console\serenity\source.cpp(196): error C3861: 'pcall': identifier not found
c:\users\eryn0_000.dell8500.000\desktop\cool programs\serenity (made by qoazi, malenz, and icyjake)\console\serenity\source.cpp(202): error C3861: 'getglobal': identifier not found
c:\users\eryn0_000.dell8500.000\desktop\cool programs\serenity (made by qoazi, malenz, and icyjake)\console\serenity\source.cpp(203): error C3861: 'pushstring': identifier not found
c:\users\eryn0_000.dell8500.000\desktop\cool programs\serenity (made by qoazi, malenz, and icyjake)\console\serenity\source.cpp(204): error C3861: 'pcall': identifier not found
c:\users\eryn0_000.dell8500.000\desktop\cool programs\serenity (made by qoazi, malenz, and icyjake)\console\serenity\source.cpp(210): error C3861: 'getglobal': identifier not found
c:\users\eryn0_000.dell8500.000\desktop\cool programs\serenity (made by qoazi, malenz, and icyjake)\console\serenity\source.cpp(211): error C3861: 'pushstring': identifier not found
c:\users\eryn0_000.dell8500.000\desktop\cool programs\serenity (made by qoazi, malenz, and icyjake)\console\serenity\source.cpp(212): error C3861: 'pcall': identifier not found
c:\users\eryn0_000.dell8500.000\desktop\cool programs\serenity (made by qoazi, malenz, and icyjake)\console\serenity\source.cpp(216): error C3861: 'getglobal': identifier not found
c:\users\eryn0_000.dell8500.000\desktop\cool programs\serenity (made by qoazi, malenz, and icyjake)\console\serenity\source.cpp(217): error C3861: 'pushnumber': identifier not found
c:\users\eryn0_000.dell8500.000\desktop\cool programs\serenity (made by qoazi, malenz, and icyjake)\console\serenity\source.cpp(218): error C3861: 'SetValCheck': identifier not found
c:\users\eryn0_000.dell8500.000\desktop\cool programs\serenity (made by qoazi, malenz, and icyjake)\console\serenity\source.cpp(222): error C3861: 'getglobal': identifier not found
c:\users\eryn0_000.dell8500.000\desktop\cool programs\serenity (made by qoazi, malenz, and icyjake)\console\serenity\source.cpp(223): error C3861: 'pushnumber': identifier not found
c:\users\eryn0_000.dell8500.000\desktop\cool programs\serenity (made by qoazi, malenz, and icyjake)\console\serenity\source.cpp(224): error C3861: 'SetValCheck': identifier not found
c:\users\eryn0_000.dell8500.000\desktop\cool programs\serenity (made by qoazi, malenz, and icyjake)\console\serenity\source.cpp(228): error C3861: 'getglobal': identifier not found
c:\users\eryn0_000.dell8500.000\desktop\cool programs\serenity (made by qoazi, malenz, and icyjake)\console\serenity\source.cpp(229): error C3861: 'getfield': identifier not found
c:\users\eryn0_000.dell8500.000\desktop\cool programs\serenity (made by qoazi, malenz, and icyjake)\console\serenity\source.cpp(230): error C3861: 'pushnumber': identifier not found
c:\users\eryn0_000.dell8500.000\desktop\cool programs\serenity (made by qoazi, malenz, and icyjake)\console\serenity\source.cpp(231): error C3861: 'SetValCheck': identifier not found
c:\users\eryn0_000.dell8500.000\desktop\cool programs\serenity (made by qoazi, malenz, and icyjake)\console\serenity\source.cpp(235): error C3861: 'getglobal': identifier not found
c:\users\eryn0_000.dell8500.000\desktop\cool programs\serenity (made by qoazi, malenz, and icyjake)\console\serenity\source.cpp(236): error C3861: 'getfield': identifier not found
c:\users\eryn0_000.dell8500.000\desktop\cool programs\serenity (made by qoazi, malenz, and icyjake)\console\serenity\source.cpp(237): error C3861: 'pushnumber': identifier not found
c:\users\eryn0_000.dell8500.000\desktop\cool programs\serenity (made by qoazi, malenz, and icyjake)\console\serenity\source.cpp(238): error C3861: 'SetValCheck': identifier not found
c:\users\eryn0_000.dell8500.000\desktop\cool programs\serenity (made by qoazi, malenz, and icyjake)\console\serenity\source.cpp(254): error C3861: 'getglobal': identifier not found
c:\users\eryn0_000.dell8500.000\desktop\cool programs\serenity (made by qoazi, malenz, and icyjake)\console\serenity\source.cpp(255): error C3861: 'getfield': identifier not found
c:\users\eryn0_000.dell8500.000\desktop\cool programs\serenity (made by qoazi, malenz, and icyjake)\console\serenity\source.cpp(256): error C3861: 'getfield': identifier not found
c:\users\eryn0_000.dell8500.000\desktop\cool programs\serenity (made by qoazi, malenz, and icyjake)\console\serenity\source.cpp(257): error C3861: 'pushvalue': identifier not found
c:\users\eryn0_000.dell8500.000\desktop\cool programs\serenity (made by qoazi, malenz, and icyjake)\console\serenity\source.cpp(258): error C3861: 'pushstring': identifier not found
c:\users\eryn0_000.dell8500.000\desktop\cool programs\serenity (made by qoazi, malenz, and icyjake)\console\serenity\source.cpp(259): error C3861: 'pcall': identifier not found
c:\users\eryn0_000.dell8500.000\desktop\cool programs\serenity (made by qoazi, malenz, and icyjake)\console\serenity\source.cpp(260): error C3861: 'getfield': identifier not found
c:\users\eryn0_000.dell8500.000\desktop\cool programs\serenity (made by qoazi, malenz, and icyjake)\console\serenity\source.cpp(261): error C3861: 'pushvalue': identifier not found
c:\users\eryn0_000.dell8500.000\desktop\cool programs\serenity (made by qoazi, malenz, and icyjake)\console\serenity\source.cpp(262): error C3861: 'pcall': identifier not found
c:\users\eryn0_000.dell8500.000\desktop\cool programs\serenity (made by qoazi, malenz, and icyjake)\console\serenity\source.cpp(272): error C3861: 'getglobal': identifier not found
c:\users\eryn0_000.dell8500.000\desktop\cool programs\serenity (made by qoazi, malenz, and icyjake)\console\serenity\source.cpp(273): error C3861: 'getfield': identifier not found
c:\users\eryn0_000.dell8500.000\desktop\cool programs\serenity (made by qoazi, malenz, and icyjake)\console\serenity\source.cpp(274): error C3861: 'getfield': identifier not found
c:\users\eryn0_000.dell8500.000\desktop\cool programs\serenity (made by qoazi, malenz, and icyjake)\console\serenity\source.cpp(275): error C3861: 'getfield': identifier not found
c:\users\eryn0_000.dell8500.000\desktop\cool programs\serenity (made by qoazi, malenz, and icyjake)\console\serenity\source.cpp(276): error C3861: 'getfield': identifier not found
c:\users\eryn0_000.dell8500.000\desktop\cool programs\serenity (made by qoazi, malenz, and icyjake)\console\serenity\source.cpp(277): error C3861: 'getglobal': identifier not found
c:\users\eryn0_000.dell8500.000\desktop\cool programs\serenity (made by qoazi, malenz, and icyjake)\console\serenity\source.cpp(278): error C3861: 'getfield': identifier not found
c:\users\eryn0_000.dell8500.000\desktop\cool programs\serenity (made by qoazi, malenz, and icyjake)\console\serenity\source.cpp(279): error C3861: 'pushstring': identifier not found
c:\users\eryn0_000.dell8500.000\desktop\cool programs\serenity (made by qoazi, malenz, and icyjake)\console\serenity\source.cpp(280): error C3861: 'pushvalue': identifier not found
c:\users\eryn0_000.dell8500.000\desktop\cool programs\serenity (made by qoazi, malenz, and icyjake)\console\serenity\source.cpp(281): error C3861: 'pcall': identifier not found
c:\users\eryn0_000.dell8500.000\desktop\cool programs\serenity (made by qoazi, malenz, and icyjake)\console\serenity\source.cpp(285): error C3861: 'getglobal': identifier not found
c:\users\eryn0_000.dell8500.000\desktop\cool programs\serenity (made by qoazi, malenz, and icyjake)\console\serenity\source.cpp(286): error C3861: 'getfield': identifier not found
c:\users\eryn0_000.dell8500.000\desktop\cool programs\serenity (made by qoazi, malenz, and icyjake)\console\serenity\source.cpp(287): error C3861: 'getfield': identifier not found
c:\users\eryn0_000.dell8500.000\desktop\cool programs\serenity (made by qoazi, malenz, and icyjake)\console\serenity\source.cpp(289): error C3861: 'getfield': identifier not found
c:\users\eryn0_000.dell8500.000\desktop\cool programs\serenity (made by qoazi, malenz, and icyjake)\console\serenity\source.cpp(290): error C3861: 'getfield': identifier not found
c:\users\eryn0_000.dell8500.000\desktop\cool programs\serenity (made by qoazi, malenz, and icyjake)\console\serenity\source.cpp(291): error C3861: 'getglobal': identifier not found
c:\users\eryn0_000.dell8500.000\desktop\cool programs\serenity (made by qoazi, malenz, and icyjake)\console\serenity\source.cpp(292): error C3861: 'getfield': identifier not found
c:\users\eryn0_000.dell8500.000\desktop\cool programs\serenity (made by qoazi, malenz, and icyjake)\console\serenity\source.cpp(293): error C3861: 'pushstring': identifier not found
c:\users\eryn0_000.dell8500.000\desktop\cool programs\serenity (made by qoazi, malenz, and icyjake)\console\serenity\source.cpp(294): error C3861: 'pushvalue': identifier not found
c:\users\eryn0_000.dell8500.000\desktop\cool programs\serenity (made by qoazi, malenz, and icyjake)\console\serenity\source.cpp(295): error C3861: 'pcall': identifier not found
c:\users\eryn0_000.dell8500.000\desktop\cool programs\serenity (made by qoazi, malenz, and icyjake)\console\serenity\source.cpp(311): error C3861: 'getglobal': identifier not found
c:\users\eryn0_000.dell8500.000\desktop\cool programs\serenity (made by qoazi, malenz, and icyjake)\console\serenity\source.cpp(312): error C3861: 'getfield': identifier not found
c:\users\eryn0_000.dell8500.000\desktop\cool programs\serenity (made by qoazi, malenz, and icyjake)\console\serenity\source.cpp(313): error C3861: 'getfield': identifier not found
c:\users\eryn0_000.dell8500.000\desktop\cool programs\serenity (made by qoazi, malenz, and icyjake)\console\serenity\source.cpp(314): error C3861: 'getfield': identifier not found
c:\users\eryn0_000.dell8500.000\desktop\cool programs\serenity (made by qoazi, malenz, and icyjake)\console\serenity\source.cpp(315): error C3861: 'getfield': identifier not found
c:\users\eryn0_000.dell8500.000\desktop\cool programs\serenity (made by qoazi, malenz, and icyjake)\console\serenity\source.cpp(316): error C3861: 'pushnumber': identifier not found
c:\users\eryn0_000.dell8500.000\desktop\cool programs\serenity (made by qoazi, malenz, and icyjake)\console\serenity\source.cpp(317): error C3861: 'SetValCheck': identifier not found
c:\users\eryn0_000.dell8500.000\desktop\cool programs\serenity (made by qoazi, malenz, and icyjake)\console\serenity\source.cpp(322): error C3861: 'getglobal': identifier not found
c:\users\eryn0_000.dell8500.000\desktop\cool programs\serenity (made by qoazi, malenz, and icyjake)\console\serenity\source.cpp(323): error C3861: 'getfield': identifier not found
c:\users\eryn0_000.dell8500.000\desktop\cool programs\serenity (made by qoazi, malenz, and icyjake)\console\serenity\source.cpp(324): error C3861: 'getfield': identifier not found
c:\users\eryn0_000.dell8500.000\desktop\cool programs\serenity (made by qoazi, malenz, and icyjake)\console\serenity\source.cpp(325): error C3861: 'getfield': identifier not found
c:\users\eryn0_000.dell8500.000\desktop\cool programs\serenity (made by qoazi, malenz, and icyjake)\console\serenity\source.cpp(326): error C3861: 'getfield': identifier not found
c:\users\eryn0_000.dell8500.000\desktop\cool programs\serenity (made by qoazi, malenz, and icyjake)\console\serenity\source.cpp(327): error C3861: 'pushnumber': identifier not found
c:\users\eryn0_000.dell8500.000\desktop\cool programs\serenity (made by qoazi, malenz, and icyjake)\console\serenity\source.cpp(328): error C3861: 'SetValCheck': identifier not found
c:\users\eryn0_000.dell8500.000\desktop\cool programs\serenity (made by qoazi, malenz, and icyjake)\console\serenity\source.cpp(341): error C3861: 'getglobal': identifier not found
c:\users\eryn0_000.dell8500.000\desktop\cool programs\serenity (made by qoazi, malenz, and icyjake)\console\serenity\source.cpp(342): error C3861: 'getfield': identifier not found
c:\users\eryn0_000.dell8500.000\desktop\cool programs\serenity (made by qoazi, malenz, and icyjake)\console\serenity\source.cpp(343): error C3861: 'getfield': identifier not found
c:\users\eryn0_000.dell8500.000\desktop\cool programs\serenity (made by qoazi, malenz, and icyjake)\console\serenity\source.cpp(344): error C3861: 'getfield': identifier not found
c:\users\eryn0_000.dell8500.000\desktop\cool programs\serenity (made by qoazi, malenz, and icyjake)\console\serenity\source.cpp(345): error C3861: 'getfield': identifier not found
c:\users\eryn0_000.dell8500.000\desktop\cool programs\serenity (made by qoazi, malenz, and icyjake)\console\serenity\source.cpp(346): error C3861: 'pushnumber': identifier not found
c:\users\eryn0_000.dell8500.000\desktop\cool programs\serenity (made by qoazi, malenz, and icyjake)\console\serenity\source.cpp(347): error C3861: 'SetValCheck': identifier not found
c:\users\eryn0_000.dell8500.000\desktop\cool programs\serenity (made by qoazi, malenz, and icyjake)\console\serenity\source.cpp(349): error C3861: 'pushnumber': identifier not found
c:\users\eryn0_000.dell8500.000\desktop\cool programs\serenity (made by qoazi, malenz, and icyjake)\console\serenity\source.cpp(349): fatal error C1003: error count exceeds 100; stopping compilation
